<?xml version="1.0" encoding="utf-8"?><testsuites name="pytest tests"><testsuite name="pytest" errors="0" failures="0" skipped="0" tests="37" time="19.050" timestamp="2026-07-07T16:59:09.294106+00:00" hostname="agent-env-28cce2c8-41ae-48e5-918b-d7b19d965e14"><testcase classname="tests.test_rentorax_flow" name="test_health" time="0.253" /><testcase classname="tests.test_rentorax_flow" name="test_admin_login_and_me" time="0.372" /><testcase classname="tests.test_rentorax_flow" name="test_admin_invalid_login" time="0.368" /><testcase classname="tests.test_rentorax_flow" name="test_admin_create_landlord_and_listing" time="0.327" /><testcase classname="tests.test_rentorax_flow" name="test_landlord_can_login_with_generated_password" time="0.362" /><testcase classname="tests.test_rentorax_flow" name="test_admin_suspend_then_activate" time="0.573" /><testcase classname="tests.test_rentorax_flow" name="test_admin_reset_password" time="1.246" /><testcase classname="tests.test_rentorax_flow" name="test_landlord_create_property_with_5_units" time="0.163" /><testcase classname="tests.test_rentorax_flow" name="test_landlord_create_tenant_with_portal" time="0.753" /><testcase classname="tests.test_rentorax_flow" name="test_tenant_portal_dashboard_and_maintenance" time="0.205" /><testcase classname="tests.test_rentorax_flow" name="test_landlord_record_payment_renewal_and_receipt" time="0.336" /><testcase classname="tests.test_rentorax_flow" name="test_landlord_maintenance_create_and_update" time="0.262" /><testcase classname="tests.test_rentorax_flow" name="test_accounting_summary" time="0.165" /><testcase classname="tests.test_rentorax_flow" name="test_reports_occupancy_and_expiring" time="0.102" /><testcase classname="tests.test_rentorax_flow" name="test_global_search" time="0.052" /><testcase classname="tests.test_rentorax_flow" name="test_caretaker_creation_and_rbac" time="1.446" /><testcase classname="tests.test_rentorax_flow" name="test_tenant_cannot_access_admin" time="0.101" /><testcase classname="tests.test_rentorax_flow" name="test_other_landlord_cannot_delete_tenant" time="0.646" /><testcase classname="tests.test_rentorax_flow" name="test_admin_delete_landlord_cascades" time="0.222" /><testcase classname="tests.test_phase2" name="test_00_bootstrap" time="1.408" /><testcase classname="tests.test_phase2" name="test_account_lockout_after_6_failures" time="2.461" /><testcase classname="tests.test_phase2" name="test_forgot_password_and_reset" time="2.251" /><testcase classname="tests.test_phase2" name="test_settings_defaults_and_update" time="0.169" /><testcase classname="tests.test_phase2" name="test_upload_png_ok_and_exe_rejected" time="1.125" /><testcase classname="tests.test_phase2" name="test_notice_create_patch_tenant_ack" time="1.018" /><testcase classname="tests.test_phase2" name="test_pdf_receipt" time="0.246" /><testcase classname="tests.test_phase2" name="test_pdf_tenant_profile" time="0.222" /><testcase classname="tests.test_phase2" name="test_pdf_notice" time="0.127" /><testcase classname="tests.test_phase2" name="test_pdf_reports[occupancy]" time="0.139" /><testcase classname="tests.test_phase2" name="test_pdf_reports[income]" time="0.135" /><testcase classname="tests.test_phase2" name="test_pdf_reports[expenses]" time="0.127" /><testcase classname="tests.test_phase2" name="test_pdf_reports[pnl]" time="0.128" /><testcase classname="tests.test_phase2" name="test_pdf_reports[expiring]" time="0.120" /><testcase classname="tests.test_phase2" name="test_moveout_then_assign_existing_and_history" time="0.465" /><testcase classname="tests.test_phase2" name="test_scheduler_run_now_creates_expiry_notification" time="0.108" /><testcase classname="tests.test_phase2" name="test_notifications_unread_read_delete_all" time="0.562" /><testcase classname="tests.test_phase2" name="test_zz_cleanup" time="0.118" /></testsuite></testsuites>