<?xml version="1.0" encoding="utf-8"?><testsuites name="pytest tests"><testsuite name="pytest" errors="0" failures="1" skipped="0" tests="18" time="11.379" timestamp="2026-06-30T20:54:07.742711+00:00" hostname="agent-env-28cce2c8-41ae-48e5-918b-d7b19d965e14"><testcase classname="tests.test_phase2" name="test_00_bootstrap" time="1.435" /><testcase classname="tests.test_phase2" name="test_account_lockout_after_6_failures" time="2.425" /><testcase classname="tests.test_phase2" name="test_forgot_password_and_reset" time="2.256" /><testcase classname="tests.test_phase2" name="test_settings_defaults_and_update" time="0.167" /><testcase classname="tests.test_phase2" name="test_upload_png_ok_and_exe_rejected" time="1.304" /><testcase classname="tests.test_phase2" name="test_notice_create_patch_tenant_ack" time="1.010" /><testcase classname="tests.test_phase2" name="test_pdf_receipt" time="0.245" /><testcase classname="tests.test_phase2" name="test_pdf_tenant_profile" time="0.201" /><testcase classname="tests.test_phase2" name="test_pdf_notice" time="0.130" /><testcase classname="tests.test_phase2" name="test_pdf_reports[occupancy]" time="0.144" /><testcase classname="tests.test_phase2" name="test_pdf_reports[income]" time="0.140" /><testcase classname="tests.test_phase2" name="test_pdf_reports[expenses]" time="0.135" /><testcase classname="tests.test_phase2" name="test_pdf_reports[pnl]" time="0.138" /><testcase classname="tests.test_phase2" name="test_pdf_reports[expiring]" time="0.121" /><testcase classname="tests.test_phase2" name="test_moveout_then_assign_existing_and_history" time="0.520"><failure message="AssertionError: [{'id': 'c4724c8a-ca53-46f4-b30a-fbab120ded40', 'full_name': 'Phase2 Tenant', 'lease_start': '2026-03-01T00:00:00Z', 'lease_expiry': '2027-02-28T00:00:00Z', ...}]&#10;assert (True and 1 &gt;= 2)&#10; +  where True = isinstance([{'id': 'c4724c8a-ca53-46f4-b30a-fbab120ded40', 'full_name': 'Phase2 Tenant', 'lease_start': '2026-03-01T00:00:00Z', 'lease_expiry': '2027-02-28T00:00:00Z', ...}], list)&#10; +  and   1 = len([{'id': 'c4724c8a-ca53-46f4-b30a-fbab120ded40', 'full_name': 'Phase2 Tenant', 'lease_start': '2026-03-01T00:00:00Z', 'lease_expiry': '2027-02-28T00:00:00Z', ...}])">backend/tests/test_phase2.py:322: in test_moveout_then_assign_existing_and_history
    assert isinstance(history, list) and len(history) &gt;= 2, history
E   AssertionError: [{'id': 'c4724c8a-ca53-46f4-b30a-fbab120ded40', 'full_name': 'Phase2 Tenant', 'lease_start': '2026-03-01T00:00:00Z', 'lease_expiry': '2027-02-28T00:00:00Z', ...}]
E   assert (True and 1 &gt;= 2)
E    +  where True = isinstance([{'id': 'c4724c8a-ca53-46f4-b30a-fbab120ded40', 'full_name': 'Phase2 Tenant', 'lease_start': '2026-03-01T00:00:00Z', 'lease_expiry': '2027-02-28T00:00:00Z', ...}], list)
E    +  and   1 = len([{'id': 'c4724c8a-ca53-46f4-b30a-fbab120ded40', 'full_name': 'Phase2 Tenant', 'lease_start': '2026-03-01T00:00:00Z', 'lease_expiry': '2027-02-28T00:00:00Z', ...}])</failure></testcase><testcase classname="tests.test_phase2" name="test_scheduler_run_now_creates_expiry_notification" time="0.123" /><testcase classname="tests.test_phase2" name="test_notifications_unread_read_delete_all" time="0.663" /><testcase classname="tests.test_phase2" name="test_zz_cleanup" time="0.127" /></testsuite></testsuites>