<?xml version="1.0" encoding="utf-8"?><testsuites name="pytest tests"><testsuite name="pytest" errors="0" failures="2" skipped="0" tests="18" time="9.699" timestamp="2026-06-30T20:47:47.942742+00:00" hostname="agent-env-28cce2c8-41ae-48e5-918b-d7b19d965e14"><testcase classname="tests.test_phase2" name="test_00_bootstrap" time="1.609" /><testcase classname="tests.test_phase2" name="test_account_lockout_after_6_failures" time="2.455" /><testcase classname="tests.test_phase2" name="test_forgot_password_and_reset" time="0.894"><failure message="AssertionError: {&quot;detail&quot;:[{&quot;type&quot;:&quot;missing&quot;,&quot;loc&quot;:[&quot;body&quot;,&quot;new_password&quot;],&quot;msg&quot;:&quot;Field required&quot;,&quot;input&quot;:{&quot;token&quot;:&quot;H2aAxIyNDQwHjGBZ1cJhjomtq5nytAcA_a0p_Xu486E&quot;,&quot;password&quot;:&quot;Admin@2026!new&quot;},&quot;url&quot;:&quot;https://errors.pydantic.dev/2.13/v/missing&quot;}]}&#10;assert 422 == 200&#10; +  where 422 = &lt;Response [422]&gt;.status_code">tests/test_phase2.py:128: in test_forgot_password_and_reset
    assert r2.status_code == 200, r2.text
E   AssertionError: {"detail":[{"type":"missing","loc":["body","new_password"],"msg":"Field required","input":{"token":"H2aAxIyNDQwHjGBZ1cJhjomtq5nytAcA_a0p_Xu486E","password":"Admin@2026!new"},"url":"https://errors.pydantic.dev/2.13/v/missing"}]}
E   assert 422 == 200
E    +  where 422 = &lt;Response [422]&gt;.status_code</failure></testcase><testcase classname="tests.test_phase2" name="test_settings_defaults_and_update" time="0.169" /><testcase classname="tests.test_phase2" name="test_upload_png_ok_and_exe_rejected" time="1.119" /><testcase classname="tests.test_phase2" name="test_notice_create_patch_tenant_ack" time="1.045" /><testcase classname="tests.test_phase2" name="test_pdf_receipt" time="0.310" /><testcase classname="tests.test_phase2" name="test_pdf_tenant_profile" time="0.217" /><testcase classname="tests.test_phase2" name="test_pdf_notice" time="0.130" /><testcase classname="tests.test_phase2" name="test_pdf_reports[occupancy]" time="0.143" /><testcase classname="tests.test_phase2" name="test_pdf_reports[income]" time="0.144" /><testcase classname="tests.test_phase2" name="test_pdf_reports[expenses]" time="0.137" /><testcase classname="tests.test_phase2" name="test_pdf_reports[pnl]" time="0.151" /><testcase classname="tests.test_phase2" name="test_pdf_reports[expiring]" time="0.144" /><testcase classname="tests.test_phase2" name="test_moveout_then_assign_existing_and_history" time="0.054"><failure message="AssertionError: move-out failed: 404 {&quot;detail&quot;:&quot;Not Found&quot;}&#10;assert 404 == 200&#10; +  where 404 = &lt;Response [404]&gt;.status_code">tests/test_phase2.py:279: in test_moveout_then_assign_existing_and_history
    assert r.status_code == 200, f"move-out failed: {r.status_code} {r.text[:300]}"
E   AssertionError: move-out failed: 404 {"detail":"Not Found"}
E   assert 404 == 200
E    +  where 404 = &lt;Response [404]&gt;.status_code</failure></testcase><testcase classname="tests.test_phase2" name="test_scheduler_run_now_creates_expiry_notification" time="0.111" /><testcase classname="tests.test_phase2" name="test_notifications_unread_read_delete_all" time="0.570" /><testcase classname="tests.test_phase2" name="test_zz_cleanup" time="0.155" /></testsuite></testsuites>