<?xml version="1.0" encoding="utf-8"?><testsuites name="pytest tests"><testsuite name="pytest" errors="0" failures="0" skipped="0" tests="19" time="8.037" timestamp="2026-06-30T20:54:56.991737+00:00" hostname="agent-env-28cce2c8-41ae-48e5-918b-d7b19d965e14"><testcase classname="tests.test_rentorax_flow" name="test_health" time="0.156" /><testcase classname="tests.test_rentorax_flow" name="test_admin_login_and_me" time="0.398" /><testcase classname="tests.test_rentorax_flow" name="test_admin_invalid_login" time="0.330" /><testcase classname="tests.test_rentorax_flow" name="test_admin_create_landlord_and_listing" time="0.340" /><testcase classname="tests.test_rentorax_flow" name="test_landlord_can_login_with_generated_password" time="0.328" /><testcase classname="tests.test_rentorax_flow" name="test_admin_suspend_then_activate" time="0.566" /><testcase classname="tests.test_rentorax_flow" name="test_admin_reset_password" time="1.274" /><testcase classname="tests.test_rentorax_flow" name="test_landlord_create_property_with_5_units" time="0.156" /><testcase classname="tests.test_rentorax_flow" name="test_landlord_create_tenant_with_portal" time="0.739" /><testcase classname="tests.test_rentorax_flow" name="test_tenant_portal_dashboard_and_maintenance" time="0.241" /><testcase classname="tests.test_rentorax_flow" name="test_landlord_record_payment_renewal_and_receipt" time="0.395" /><testcase classname="tests.test_rentorax_flow" name="test_landlord_maintenance_create_and_update" time="0.268" /><testcase classname="tests.test_rentorax_flow" name="test_accounting_summary" time="0.147" /><testcase classname="tests.test_rentorax_flow" name="test_reports_occupancy_and_expiring" time="0.098" /><testcase classname="tests.test_rentorax_flow" name="test_global_search" time="0.050" /><testcase classname="tests.test_rentorax_flow" name="test_caretaker_creation_and_rbac" time="1.493" /><testcase classname="tests.test_rentorax_flow" name="test_tenant_cannot_access_admin" time="0.107" /><testcase classname="tests.test_rentorax_flow" name="test_other_landlord_cannot_delete_tenant" time="0.660" /><testcase classname="tests.test_rentorax_flow" name="test_admin_delete_landlord_cascades" time="0.226" /></testsuite></testsuites>