<?xml version="1.0" encoding="utf-8"?><testsuites name="pytest tests"><testsuite name="pytest" errors="0" failures="0" skipped="0" tests="19" time="7.998" timestamp="2026-06-30T20:48:44.395762+00:00" hostname="agent-env-28cce2c8-41ae-48e5-918b-d7b19d965e14"><testcase classname="tests.test_rentorax_flow" name="test_health" time="0.148" /><testcase classname="tests.test_rentorax_flow" name="test_admin_login_and_me" time="0.388" /><testcase classname="tests.test_rentorax_flow" name="test_admin_invalid_login" time="0.375" /><testcase classname="tests.test_rentorax_flow" name="test_admin_create_landlord_and_listing" time="0.335" /><testcase classname="tests.test_rentorax_flow" name="test_landlord_can_login_with_generated_password" time="0.333" /><testcase classname="tests.test_rentorax_flow" name="test_admin_suspend_then_activate" time="0.580" /><testcase classname="tests.test_rentorax_flow" name="test_admin_reset_password" time="1.289" /><testcase classname="tests.test_rentorax_flow" name="test_landlord_create_property_with_5_units" time="0.152" /><testcase classname="tests.test_rentorax_flow" name="test_landlord_create_tenant_with_portal" time="0.732" /><testcase classname="tests.test_rentorax_flow" name="test_tenant_portal_dashboard_and_maintenance" time="0.224" /><testcase classname="tests.test_rentorax_flow" name="test_landlord_record_payment_renewal_and_receipt" time="0.296" /><testcase classname="tests.test_rentorax_flow" name="test_landlord_maintenance_create_and_update" time="0.274" /><testcase classname="tests.test_rentorax_flow" name="test_accounting_summary" time="0.176" /><testcase classname="tests.test_rentorax_flow" name="test_reports_occupancy_and_expiring" time="0.102" /><testcase classname="tests.test_rentorax_flow" name="test_global_search" time="0.052" /><testcase classname="tests.test_rentorax_flow" name="test_caretaker_creation_and_rbac" time="1.445" /><testcase classname="tests.test_rentorax_flow" name="test_tenant_cannot_access_admin" time="0.105" /><testcase classname="tests.test_rentorax_flow" name="test_other_landlord_cannot_delete_tenant" time="0.700" /><testcase classname="tests.test_rentorax_flow" name="test_admin_delete_landlord_cascades" time="0.220" /></testsuite></testsuites>